android/app/build/intermediates/manifest_merge_blame_file/release/manifest-merger-blame-release-report.txt
1<?xml version="1.0" encoding="utf-8"?>
2<manifest xmlns:android="http://schemas.android.com/apk/res/android"
3    package="com.nokri"
4    android:versionCode="1"
5    android:versionName="1.0" >
6
7    <uses-sdk
8        android:minSdkVersion="21"
8-->src\main\AndroidManifest.xml
9        android:targetSdkVersion="31" />
9-->src\main\AndroidManifest.xml
10
11    <uses-permission android:name="android.permission.INTERNET" />
11-->src\main\AndroidManifest.xml:4:5-67
11-->src\main\AndroidManifest.xml:4:22-64
12    <uses-permission android:name="android.permission.ACCESS_COARSE_LOCATION" />
12-->src\main\AndroidManifest.xml:5:1-77
12-->src\main\AndroidManifest.xml:5:18-74
13    <uses-permission android:name="android.permission.ACCESS_FINE_LOCATION" />
13-->src\main\AndroidManifest.xml:6:1-75
13-->src\main\AndroidManifest.xml:6:18-72
14
15    <application
15-->src\main\AndroidManifest.xml:7:1-12:15
16        android:name="com.nokri.MainApplication"
16-->src\main\AndroidManifest.xml:14:7-38
17        android:allowBackup="false"
17-->src\main\AndroidManifest.xml:18:7-34
18        android:icon="@mipmap/ic_launcher"
18-->src\main\AndroidManifest.xml:16:7-41
19        android:label="@string/app_name"
19-->src\main\AndroidManifest.xml:15:7-39
20        android:roundIcon="@mipmap/ic_launcher_round"
20-->src\main\AndroidManifest.xml:17:7-52
21        android:theme="@style/AppTheme" >
21-->src\main\AndroidManifest.xml:19:7-38
22        <activity
22-->src\main\AndroidManifest.xml:20:7-31:18
23            android:name="com.nokri.MainActivity"
23-->src\main\AndroidManifest.xml:21:9-37
24            android:configChanges="keyboard|keyboardHidden|orientation|screenLayout|screenSize|smallestScreenSize|uiMode"
24-->src\main\AndroidManifest.xml:23:9-118
25            android:exported="true"
25-->src\main\AndroidManifest.xml:26:9-32
26            android:label="@string/app_name"
26-->src\main\AndroidManifest.xml:22:9-41
27            android:launchMode="singleTask"
27-->src\main\AndroidManifest.xml:24:9-40
28            android:windowSoftInputMode="adjustResize" >
28-->src\main\AndroidManifest.xml:25:9-51
29            <intent-filter>
29-->src\main\AndroidManifest.xml:27:9-30:25
30                <action android:name="android.intent.action.MAIN" />
30-->src\main\AndroidManifest.xml:28:13-65
30-->src\main\AndroidManifest.xml:28:21-62
31
32                <category android:name="android.intent.category.LAUNCHER" />
32-->src\main\AndroidManifest.xml:29:13-73
32-->src\main\AndroidManifest.xml:29:23-70
33            </intent-filter>
34        </activity>
35    </application>
36
37    <uses-permission android:name="android.permission.WAKE_LOCK" />
37-->[:react-native-firebase_auth] AndroidManifest.xml:10:5-68
37-->[:react-native-firebase_auth] AndroidManifest.xml:10:22-65
38    <uses-permission android:name="android.permission.ACCESS_NETWORK_STATE" />
38-->[:react-native-firebase_auth] AndroidManifest.xml:11:5-79
38-->[:react-native-firebase_auth] AndroidManifest.xml:11:22-76
39
40    <uses-feature
40-->[com.google.android.gms:play-services-maps:18.0.2] AndroidManifest.xml:26:5-28:35
41        android:glEsVersion="0x00020000"
41-->[com.google.android.gms:play-services-maps:18.0.2] AndroidManifest.xml:27:9-41
42        android:required="true" />
42-->[com.google.android.gms:play-services-maps:18.0.2] AndroidManifest.xml:28:9-32
43
44    <queries>
44-->[com.google.android.gms:play-services-maps:18.0.2] AndroidManifest.xml:30:5-34:15
45
46        <!-- Needs to be explicitly declared on Android R+ -->
47        <package android:name="com.google.android.apps.maps" />
47-->[com.google.android.gms:play-services-maps:18.0.2] AndroidManifest.xml:33:9-64
47-->[com.google.android.gms:play-services-maps:18.0.2] AndroidManifest.xml:33:18-61
48    </queries>
49
50    <uses-permission android:name="android.permission.RECEIVE_BOOT_COMPLETED" />
50-->[androidx.work:work-runtime:2.7.1] AndroidManifest.xml:27:5-81
50-->[androidx.work:work-runtime:2.7.1] AndroidManifest.xml:27:22-78
51    <uses-permission android:name="android.permission.FOREGROUND_SERVICE" />
51-->[androidx.work:work-runtime:2.7.1] AndroidManifest.xml:28:5-77
51-->[androidx.work:work-runtime:2.7.1] AndroidManifest.xml:28:22-74
52
53    <application android:appComponentFactory="androidx.core.app.CoreComponentFactory" >
53-->src\main\AndroidManifest.xml:7:1-12:15
53-->[androidx.core:core:1.7.0] AndroidManifest.xml:24:18-86
54
55        <!-- You will only need to add this meta-data tag, but make sure it's a child of application -->
56        <meta-data
56-->src\main\AndroidManifest.xml:9:4-11:63
57            android:name="com.google.android.geo.API_KEY"
57-->src\main\AndroidManifest.xml:10:6-51
58            android:value="AIzaSyA2RP2pRxWzLK-jspF3TFIOVGv-p5ShPuU" />
58-->src\main\AndroidManifest.xml:11:6-61
59        <meta-data
59-->[:react-native-firebase_app] AndroidManifest.xml:11:9-13:36
60            android:name="app_data_collection_default_enabled"
60-->[:react-native-firebase_app] AndroidManifest.xml:12:13-63
61            android:value="true" />
61-->[:react-native-firebase_app] AndroidManifest.xml:13:13-33
62
63        <service
63-->[:react-native-firebase_app] AndroidManifest.xml:15:9-23:19
64            android:name="com.google.firebase.components.ComponentDiscoveryService"
64-->[:react-native-firebase_app] AndroidManifest.xml:16:13-84
65            android:directBootAware="true"
65-->[:react-native-firebase_app] AndroidManifest.xml:17:13-43
66            android:exported="false" >
66-->[:react-native-firebase_app] AndroidManifest.xml:18:13-37
67            <meta-data
67-->[:react-native-firebase_app] AndroidManifest.xml:20:13-22:85
68                android:name="com.google.firebase.components:io.invertase.firebase.app.ReactNativeFirebaseAppRegistrar"
68-->[:react-native-firebase_app] AndroidManifest.xml:21:17-120
69                android:value="com.google.firebase.components.ComponentRegistrar" />
69-->[:react-native-firebase_app] AndroidManifest.xml:22:17-82
70            <meta-data
70-->[com.google.firebase:firebase-firestore:24.2.1] AndroidManifest.xml:20:13-22:85
71                android:name="com.google.firebase.components:com.google.firebase.firestore.FirestoreRegistrar"
71-->[com.google.firebase:firebase-firestore:24.2.1] AndroidManifest.xml:21:17-111
72                android:value="com.google.firebase.components.ComponentRegistrar" />
72-->[com.google.firebase:firebase-firestore:24.2.1] AndroidManifest.xml:22:17-82
73            <meta-data
73-->[com.google.firebase:firebase-auth:21.0.6] AndroidManifest.xml:67:13-69:85
74                android:name="com.google.firebase.components:com.google.firebase.auth.FirebaseAuthRegistrar"
74-->[com.google.firebase:firebase-auth:21.0.6] AndroidManifest.xml:68:17-109
75                android:value="com.google.firebase.components.ComponentRegistrar" />
75-->[com.google.firebase:firebase-auth:21.0.6] AndroidManifest.xml:69:17-82
76            <meta-data
76-->[com.google.firebase:firebase-storage:20.0.1] AndroidManifest.xml:33:13-35:85
77                android:name="com.google.firebase.components:com.google.firebase.storage.StorageRegistrar"
77-->[com.google.firebase:firebase-storage:20.0.1] AndroidManifest.xml:34:17-107
78                android:value="com.google.firebase.components.ComponentRegistrar" />
78-->[com.google.firebase:firebase-storage:20.0.1] AndroidManifest.xml:35:17-82
79            <meta-data
79-->[com.google.firebase:firebase-database:20.0.5] AndroidManifest.xml:32:13-34:85
80                android:name="com.google.firebase.components:com.google.firebase.database.DatabaseRegistrar"
80-->[com.google.firebase:firebase-database:20.0.5] AndroidManifest.xml:33:17-109
81                android:value="com.google.firebase.components.ComponentRegistrar" />
81-->[com.google.firebase:firebase-database:20.0.5] AndroidManifest.xml:34:17-82
82        </service>
83
84        <provider
84-->[:react-native-firebase_app] AndroidManifest.xml:25:9-29:38
85            android:name="io.invertase.firebase.app.ReactNativeFirebaseAppInitProvider"
85-->[:react-native-firebase_app] AndroidManifest.xml:26:13-88
86            android:authorities="com.nokri.reactnativefirebaseappinitprovider"
86-->[:react-native-firebase_app] AndroidManifest.xml:27:13-86
87            android:exported="false"
87-->[:react-native-firebase_app] AndroidManifest.xml:28:13-37
88            android:initOrder="99" />
88-->[:react-native-firebase_app] AndroidManifest.xml:29:13-35
89        <provider
89-->[:react-native-image-picker] AndroidManifest.xml:10:9-18:20
90            android:name="com.imagepicker.ImagePickerProvider"
90-->[:react-native-image-picker] AndroidManifest.xml:11:13-63
91            android:authorities="com.nokri.imagepickerprovider"
91-->[:react-native-image-picker] AndroidManifest.xml:12:13-71
92            android:exported="false"
92-->[:react-native-image-picker] AndroidManifest.xml:13:13-37
93            android:grantUriPermissions="true" >
93-->[:react-native-image-picker] AndroidManifest.xml:14:13-47
94            <meta-data
94-->[:react-native-image-picker] AndroidManifest.xml:15:13-17:70
95                android:name="android.support.FILE_PROVIDER_PATHS"
95-->[:react-native-image-picker] AndroidManifest.xml:16:17-67
96                android:resource="@xml/imagepicker_provider_paths" />
96-->[:react-native-image-picker] AndroidManifest.xml:17:17-67
97        </provider>
98
99        <activity
99-->[com.google.firebase:firebase-auth:21.0.6] AndroidManifest.xml:27:9-44:20
100            android:name="com.google.firebase.auth.internal.GenericIdpActivity"
100-->[com.google.firebase:firebase-auth:21.0.6] AndroidManifest.xml:28:13-80
101            android:excludeFromRecents="true"
101-->[com.google.firebase:firebase-auth:21.0.6] AndroidManifest.xml:29:13-46
102            android:exported="true"
102-->[com.google.firebase:firebase-auth:21.0.6] AndroidManifest.xml:30:13-36
103            android:launchMode="singleTask"
103-->[com.google.firebase:firebase-auth:21.0.6] AndroidManifest.xml:31:13-44
104            android:theme="@android:style/Theme.Translucent.NoTitleBar" >
104-->[com.google.firebase:firebase-auth:21.0.6] AndroidManifest.xml:32:13-72
105            <intent-filter>
105-->[com.google.firebase:firebase-auth:21.0.6] AndroidManifest.xml:33:13-43:29
106                <action android:name="android.intent.action.VIEW" />
106-->[com.google.firebase:firebase-auth:21.0.6] AndroidManifest.xml:34:17-69
106-->[com.google.firebase:firebase-auth:21.0.6] AndroidManifest.xml:34:25-66
107
108                <category android:name="android.intent.category.DEFAULT" />
108-->[com.google.firebase:firebase-auth:21.0.6] AndroidManifest.xml:36:17-76
108-->[com.google.firebase:firebase-auth:21.0.6] AndroidManifest.xml:36:27-73
109                <category android:name="android.intent.category.BROWSABLE" />
109-->[com.google.firebase:firebase-auth:21.0.6] AndroidManifest.xml:37:17-78
109-->[com.google.firebase:firebase-auth:21.0.6] AndroidManifest.xml:37:27-75
110
111                <data
111-->[com.google.firebase:firebase-auth:21.0.6] AndroidManifest.xml:39:17-42:51
112                    android:host="firebase.auth"
112-->[com.google.firebase:firebase-auth:21.0.6] AndroidManifest.xml:40:21-49
113                    android:path="/"
113-->[com.google.firebase:firebase-auth:21.0.6] AndroidManifest.xml:41:21-37
114                    android:scheme="genericidp" />
114-->[com.google.firebase:firebase-auth:21.0.6] AndroidManifest.xml:42:21-48
115            </intent-filter>
116        </activity>
117        <activity
117-->[com.google.firebase:firebase-auth:21.0.6] AndroidManifest.xml:45:9-62:20
118            android:name="com.google.firebase.auth.internal.RecaptchaActivity"
118-->[com.google.firebase:firebase-auth:21.0.6] AndroidManifest.xml:46:13-79
119            android:excludeFromRecents="true"
119-->[com.google.firebase:firebase-auth:21.0.6] AndroidManifest.xml:47:13-46
120            android:exported="true"
120-->[com.google.firebase:firebase-auth:21.0.6] AndroidManifest.xml:48:13-36
121            android:launchMode="singleTask"
121-->[com.google.firebase:firebase-auth:21.0.6] AndroidManifest.xml:49:13-44
122            android:theme="@android:style/Theme.Translucent.NoTitleBar" >
122-->[com.google.firebase:firebase-auth:21.0.6] AndroidManifest.xml:50:13-72
123            <intent-filter>
123-->[com.google.firebase:firebase-auth:21.0.6] AndroidManifest.xml:51:13-61:29
124                <action android:name="android.intent.action.VIEW" />
124-->[com.google.firebase:firebase-auth:21.0.6] AndroidManifest.xml:34:17-69
124-->[com.google.firebase:firebase-auth:21.0.6] AndroidManifest.xml:34:25-66
125
126                <category android:name="android.intent.category.DEFAULT" />
126-->[com.google.firebase:firebase-auth:21.0.6] AndroidManifest.xml:36:17-76
126-->[com.google.firebase:firebase-auth:21.0.6] AndroidManifest.xml:36:27-73
127                <category android:name="android.intent.category.BROWSABLE" />
127-->[com.google.firebase:firebase-auth:21.0.6] AndroidManifest.xml:37:17-78
127-->[com.google.firebase:firebase-auth:21.0.6] AndroidManifest.xml:37:27-75
128
129                <data
129-->[com.google.firebase:firebase-auth:21.0.6] AndroidManifest.xml:39:17-42:51
130                    android:host="firebase.auth"
130-->[com.google.firebase:firebase-auth:21.0.6] AndroidManifest.xml:40:21-49
131                    android:path="/"
131-->[com.google.firebase:firebase-auth:21.0.6] AndroidManifest.xml:41:21-37
132                    android:scheme="recaptcha" />
132-->[com.google.firebase:firebase-auth:21.0.6] AndroidManifest.xml:42:21-48
133            </intent-filter>
134        </activity>
135        <activity
135-->[com.google.android.gms:play-services-auth:20.2.0] AndroidManifest.xml:23:9-27:75
136            android:name="com.google.android.gms.auth.api.signin.internal.SignInHubActivity"
136-->[com.google.android.gms:play-services-auth:20.2.0] AndroidManifest.xml:24:13-93
137            android:excludeFromRecents="true"
137-->[com.google.android.gms:play-services-auth:20.2.0] AndroidManifest.xml:25:13-46
138            android:exported="false"
138-->[com.google.android.gms:play-services-auth:20.2.0] AndroidManifest.xml:26:13-37
139            android:theme="@android:style/Theme.Translucent.NoTitleBar" />
139-->[com.google.android.gms:play-services-auth:20.2.0] AndroidManifest.xml:27:13-72
140        <!--
141            Service handling Google Sign-In user revocation. For apps that do not integrate with
142            Google Sign-In, this service will never be started.
143        -->
144        <service
144-->[com.google.android.gms:play-services-auth:20.2.0] AndroidManifest.xml:33:9-37:51
145            android:name="com.google.android.gms.auth.api.signin.RevocationBoundService"
145-->[com.google.android.gms:play-services-auth:20.2.0] AndroidManifest.xml:34:13-89
146            android:exported="true"
146-->[com.google.android.gms:play-services-auth:20.2.0] AndroidManifest.xml:35:13-36
147            android:permission="com.google.android.gms.auth.api.signin.permission.REVOCATION_NOTIFICATION"
147-->[com.google.android.gms:play-services-auth:20.2.0] AndroidManifest.xml:36:13-107
148            android:visibleToInstantApps="true" /> <!-- Needs to be explicitly declared on P+ -->
148-->[com.google.android.gms:play-services-auth:20.2.0] AndroidManifest.xml:37:13-48
149        <uses-library
149-->[com.google.android.gms:play-services-maps:18.0.2] AndroidManifest.xml:39:9-41:40
150            android:name="org.apache.http.legacy"
150-->[com.google.android.gms:play-services-maps:18.0.2] AndroidManifest.xml:40:13-50
151            android:required="false" />
151-->[com.google.android.gms:play-services-maps:18.0.2] AndroidManifest.xml:41:13-37
152
153        <activity
153-->[com.google.android.gms:play-services-base:18.1.0] AndroidManifest.xml:20:9-22:45
154            android:name="com.google.android.gms.common.api.GoogleApiActivity"
154-->[com.google.android.gms:play-services-base:18.1.0] AndroidManifest.xml:20:19-85
155            android:exported="false"
155-->[com.google.android.gms:play-services-base:18.1.0] AndroidManifest.xml:22:19-43
156            android:theme="@android:style/Theme.Translucent.NoTitleBar" />
156-->[com.google.android.gms:play-services-base:18.1.0] AndroidManifest.xml:21:19-78
157
158        <provider
158-->[androidx.work:work-runtime:2.7.1] AndroidManifest.xml:31:9-39:20
159            android:name="androidx.startup.InitializationProvider"
159-->[androidx.work:work-runtime:2.7.1] AndroidManifest.xml:32:13-67
160            android:authorities="com.nokri.androidx-startup"
160-->[androidx.work:work-runtime:2.7.1] AndroidManifest.xml:33:13-68
161            android:exported="false" >
161-->[androidx.work:work-runtime:2.7.1] AndroidManifest.xml:34:13-37
162            <meta-data
162-->[androidx.work:work-runtime:2.7.1] AndroidManifest.xml:36:13-38:52
163                android:name="androidx.work.WorkManagerInitializer"
163-->[androidx.work:work-runtime:2.7.1] AndroidManifest.xml:37:17-68
164                android:value="androidx.startup" />
164-->[androidx.work:work-runtime:2.7.1] AndroidManifest.xml:38:17-49
165            <meta-data
165-->[androidx.emoji2:emoji2:1.0.0] AndroidManifest.xml:31:13-33:52
166                android:name="androidx.emoji2.text.EmojiCompatInitializer"
166-->[androidx.emoji2:emoji2:1.0.0] AndroidManifest.xml:32:17-75
167                android:value="androidx.startup" />
167-->[androidx.emoji2:emoji2:1.0.0] AndroidManifest.xml:33:17-49
168            <meta-data
168-->[androidx.lifecycle:lifecycle-process:2.4.0] AndroidManifest.xml:31:13-33:52
169                android:name="androidx.lifecycle.ProcessLifecycleInitializer"
169-->[androidx.lifecycle:lifecycle-process:2.4.0] AndroidManifest.xml:32:17-78
170                android:value="androidx.startup" />
170-->[androidx.lifecycle:lifecycle-process:2.4.0] AndroidManifest.xml:33:17-49
171        </provider>
172
173        <service
173-->[androidx.work:work-runtime:2.7.1] AndroidManifest.xml:41:9-46:35
174            android:name="androidx.work.impl.background.systemalarm.SystemAlarmService"
174-->[androidx.work:work-runtime:2.7.1] AndroidManifest.xml:42:13-88
175            android:directBootAware="false"
175-->[androidx.work:work-runtime:2.7.1] AndroidManifest.xml:43:13-44
176            android:enabled="@bool/enable_system_alarm_service_default"
176-->[androidx.work:work-runtime:2.7.1] AndroidManifest.xml:44:13-72
177            android:exported="false" />
177-->[androidx.work:work-runtime:2.7.1] AndroidManifest.xml:45:13-37
178        <service
178-->[androidx.work:work-runtime:2.7.1] AndroidManifest.xml:47:9-53:35
179            android:name="androidx.work.impl.background.systemjob.SystemJobService"
179-->[androidx.work:work-runtime:2.7.1] AndroidManifest.xml:48:13-84
180            android:directBootAware="false"
180-->[androidx.work:work-runtime:2.7.1] AndroidManifest.xml:49:13-44
181            android:enabled="@bool/enable_system_job_service_default"
181-->[androidx.work:work-runtime:2.7.1] AndroidManifest.xml:50:13-70
182            android:exported="true"
182-->[androidx.work:work-runtime:2.7.1] AndroidManifest.xml:51:13-36
183            android:permission="android.permission.BIND_JOB_SERVICE" />
183-->[androidx.work:work-runtime:2.7.1] AndroidManifest.xml:52:13-69
184        <service
184-->[androidx.work:work-runtime:2.7.1] AndroidManifest.xml:54:9-59:35
185            android:name="androidx.work.impl.foreground.SystemForegroundService"
185-->[androidx.work:work-runtime:2.7.1] AndroidManifest.xml:55:13-81
186            android:directBootAware="false"
186-->[androidx.work:work-runtime:2.7.1] AndroidManifest.xml:56:13-44
187            android:enabled="@bool/enable_system_foreground_service_default"
187-->[androidx.work:work-runtime:2.7.1] AndroidManifest.xml:57:13-77
188            android:exported="false" />
188-->[androidx.work:work-runtime:2.7.1] AndroidManifest.xml:58:13-37
189
190        <receiver
190-->[androidx.work:work-runtime:2.7.1] AndroidManifest.xml:61:9-66:35
191            android:name="androidx.work.impl.utils.ForceStopRunnable$BroadcastReceiver"
191-->[androidx.work:work-runtime:2.7.1] AndroidManifest.xml:62:13-88
192            android:directBootAware="false"
192-->[androidx.work:work-runtime:2.7.1] AndroidManifest.xml:63:13-44
193            android:enabled="true"
193-->[androidx.work:work-runtime:2.7.1] AndroidManifest.xml:64:13-35
194            android:exported="false" />
194-->[androidx.work:work-runtime:2.7.1] AndroidManifest.xml:65:13-37
195        <receiver
195-->[androidx.work:work-runtime:2.7.1] AndroidManifest.xml:67:9-77:20
196            android:name="androidx.work.impl.background.systemalarm.ConstraintProxy$BatteryChargingProxy"
196-->[androidx.work:work-runtime:2.7.1] AndroidManifest.xml:68:13-106
197            android:directBootAware="false"
197-->[androidx.work:work-runtime:2.7.1] AndroidManifest.xml:69:13-44
198            android:enabled="false"
198-->[androidx.work:work-runtime:2.7.1] AndroidManifest.xml:70:13-36
199            android:exported="false" >
199-->[androidx.work:work-runtime:2.7.1] AndroidManifest.xml:71:13-37
200            <intent-filter>
200-->[androidx.work:work-runtime:2.7.1] AndroidManifest.xml:73:13-76:29
201                <action android:name="android.intent.action.ACTION_POWER_CONNECTED" />
201-->[androidx.work:work-runtime:2.7.1] AndroidManifest.xml:74:17-87
201-->[androidx.work:work-runtime:2.7.1] AndroidManifest.xml:74:25-84
202                <action android:name="android.intent.action.ACTION_POWER_DISCONNECTED" />
202-->[androidx.work:work-runtime:2.7.1] AndroidManifest.xml:75:17-90
202-->[androidx.work:work-runtime:2.7.1] AndroidManifest.xml:75:25-87
203            </intent-filter>
204        </receiver>
205        <receiver
205-->[androidx.work:work-runtime:2.7.1] AndroidManifest.xml:78:9-88:20
206            android:name="androidx.work.impl.background.systemalarm.ConstraintProxy$BatteryNotLowProxy"
206-->[androidx.work:work-runtime:2.7.1] AndroidManifest.xml:79:13-104
207            android:directBootAware="false"
207-->[androidx.work:work-runtime:2.7.1] AndroidManifest.xml:80:13-44
208            android:enabled="false"
208-->[androidx.work:work-runtime:2.7.1] AndroidManifest.xml:81:13-36
209            android:exported="false" >
209-->[androidx.work:work-runtime:2.7.1] AndroidManifest.xml:82:13-37
210            <intent-filter>
210-->[androidx.work:work-runtime:2.7.1] AndroidManifest.xml:84:13-87:29
211                <action android:name="android.intent.action.BATTERY_OKAY" />
211-->[androidx.work:work-runtime:2.7.1] AndroidManifest.xml:85:17-77
211-->[androidx.work:work-runtime:2.7.1] AndroidManifest.xml:85:25-74
212                <action android:name="android.intent.action.BATTERY_LOW" />
212-->[androidx.work:work-runtime:2.7.1] AndroidManifest.xml:86:17-76
212-->[androidx.work:work-runtime:2.7.1] AndroidManifest.xml:86:25-73
213            </intent-filter>
214        </receiver>
215        <receiver
215-->[androidx.work:work-runtime:2.7.1] AndroidManifest.xml:89:9-99:20
216            android:name="androidx.work.impl.background.systemalarm.ConstraintProxy$StorageNotLowProxy"
216-->[androidx.work:work-runtime:2.7.1] AndroidManifest.xml:90:13-104
217            android:directBootAware="false"
217-->[androidx.work:work-runtime:2.7.1] AndroidManifest.xml:91:13-44
218            android:enabled="false"
218-->[androidx.work:work-runtime:2.7.1] AndroidManifest.xml:92:13-36
219            android:exported="false" >
219-->[androidx.work:work-runtime:2.7.1] AndroidManifest.xml:93:13-37
220            <intent-filter>
220-->[androidx.work:work-runtime:2.7.1] AndroidManifest.xml:95:13-98:29
221                <action android:name="android.intent.action.DEVICE_STORAGE_LOW" />
221-->[androidx.work:work-runtime:2.7.1] AndroidManifest.xml:96:17-83
221-->[androidx.work:work-runtime:2.7.1] AndroidManifest.xml:96:25-80
222                <action android:name="android.intent.action.DEVICE_STORAGE_OK" />
222-->[androidx.work:work-runtime:2.7.1] AndroidManifest.xml:97:17-82
222-->[androidx.work:work-runtime:2.7.1] AndroidManifest.xml:97:25-79
223            </intent-filter>
224        </receiver>
225        <receiver
225-->[androidx.work:work-runtime:2.7.1] AndroidManifest.xml:100:9-109:20
226            android:name="androidx.work.impl.background.systemalarm.ConstraintProxy$NetworkStateProxy"
226-->[androidx.work:work-runtime:2.7.1] AndroidManifest.xml:101:13-103
227            android:directBootAware="false"
227-->[androidx.work:work-runtime:2.7.1] AndroidManifest.xml:102:13-44
228            android:enabled="false"
228-->[androidx.work:work-runtime:2.7.1] AndroidManifest.xml:103:13-36
229            android:exported="false" >
229-->[androidx.work:work-runtime:2.7.1] AndroidManifest.xml:104:13-37
230            <intent-filter>
230-->[androidx.work:work-runtime:2.7.1] AndroidManifest.xml:106:13-108:29
231                <action android:name="android.net.conn.CONNECTIVITY_CHANGE" />
231-->[androidx.work:work-runtime:2.7.1] AndroidManifest.xml:107:17-79
231-->[androidx.work:work-runtime:2.7.1] AndroidManifest.xml:107:25-76
232            </intent-filter>
233        </receiver>
234        <receiver
234-->[androidx.work:work-runtime:2.7.1] AndroidManifest.xml:110:9-121:20
235            android:name="androidx.work.impl.background.systemalarm.RescheduleReceiver"
235-->[androidx.work:work-runtime:2.7.1] AndroidManifest.xml:111:13-88
236            android:directBootAware="false"
236-->[androidx.work:work-runtime:2.7.1] AndroidManifest.xml:112:13-44
237            android:enabled="false"
237-->[androidx.work:work-runtime:2.7.1] AndroidManifest.xml:113:13-36
238            android:exported="false" >
238-->[androidx.work:work-runtime:2.7.1] AndroidManifest.xml:114:13-37
239            <intent-filter>
239-->[androidx.work:work-runtime:2.7.1] AndroidManifest.xml:116:13-120:29
240                <action android:name="android.intent.action.BOOT_COMPLETED" />
240-->[androidx.work:work-runtime:2.7.1] AndroidManifest.xml:117:17-79
240-->[androidx.work:work-runtime:2.7.1] AndroidManifest.xml:117:25-76
241                <action android:name="android.intent.action.TIME_SET" />
241-->[androidx.work:work-runtime:2.7.1] AndroidManifest.xml:118:17-73
241-->[androidx.work:work-runtime:2.7.1] AndroidManifest.xml:118:25-70
242                <action android:name="android.intent.action.TIMEZONE_CHANGED" />
242-->[androidx.work:work-runtime:2.7.1] AndroidManifest.xml:119:17-81
242-->[androidx.work:work-runtime:2.7.1] AndroidManifest.xml:119:25-78
243            </intent-filter>
244        </receiver>
245        <receiver
245-->[androidx.work:work-runtime:2.7.1] AndroidManifest.xml:122:9-131:20
246            android:name="androidx.work.impl.background.systemalarm.ConstraintProxyUpdateReceiver"
246-->[androidx.work:work-runtime:2.7.1] AndroidManifest.xml:123:13-99
247            android:directBootAware="false"
247-->[androidx.work:work-runtime:2.7.1] AndroidManifest.xml:124:13-44
248            android:enabled="@bool/enable_system_alarm_service_default"
248-->[androidx.work:work-runtime:2.7.1] AndroidManifest.xml:125:13-72
249            android:exported="false" >
249-->[androidx.work:work-runtime:2.7.1] AndroidManifest.xml:126:13-37
250            <intent-filter>
250-->[androidx.work:work-runtime:2.7.1] AndroidManifest.xml:128:13-130:29
251                <action android:name="androidx.work.impl.background.systemalarm.UpdateProxies" />
251-->[androidx.work:work-runtime:2.7.1] AndroidManifest.xml:129:17-98
251-->[androidx.work:work-runtime:2.7.1] AndroidManifest.xml:129:25-95
252            </intent-filter>
253        </receiver>
254        <receiver
254-->[androidx.work:work-runtime:2.7.1] AndroidManifest.xml:132:9-142:20
255            android:name="androidx.work.impl.diagnostics.DiagnosticsReceiver"
255-->[androidx.work:work-runtime:2.7.1] AndroidManifest.xml:133:13-78
256            android:directBootAware="false"
256-->[androidx.work:work-runtime:2.7.1] AndroidManifest.xml:134:13-44
257            android:enabled="true"
257-->[androidx.work:work-runtime:2.7.1] AndroidManifest.xml:135:13-35
258            android:exported="true"
258-->[androidx.work:work-runtime:2.7.1] AndroidManifest.xml:136:13-36
259            android:permission="android.permission.DUMP" >
259-->[androidx.work:work-runtime:2.7.1] AndroidManifest.xml:137:13-57
260            <intent-filter>
260-->[androidx.work:work-runtime:2.7.1] AndroidManifest.xml:139:13-141:29
261                <action android:name="androidx.work.diagnostics.REQUEST_DIAGNOSTICS" />
261-->[androidx.work:work-runtime:2.7.1] AndroidManifest.xml:140:17-88
261-->[androidx.work:work-runtime:2.7.1] AndroidManifest.xml:140:25-85
262            </intent-filter>
263        </receiver>
264
265        <provider
265-->[com.google.firebase:firebase-common:20.1.1] AndroidManifest.xml:26:9-31:39
266            android:name="com.google.firebase.provider.FirebaseInitProvider"
266-->[com.google.firebase:firebase-common:20.1.1] AndroidManifest.xml:27:13-77
267            android:authorities="com.nokri.firebaseinitprovider"
267-->[com.google.firebase:firebase-common:20.1.1] AndroidManifest.xml:28:13-72
268            android:directBootAware="true"
268-->[com.google.firebase:firebase-common:20.1.1] AndroidManifest.xml:29:13-43
269            android:exported="false"
269-->[com.google.firebase:firebase-common:20.1.1] AndroidManifest.xml:30:13-37
270            android:initOrder="100" />
270-->[com.google.firebase:firebase-common:20.1.1] AndroidManifest.xml:31:13-36
271
272        <meta-data
272-->[com.google.android.gms:play-services-basement:18.1.0] AndroidManifest.xml:21:9-23:69
273            android:name="com.google.android.gms.version"
273-->[com.google.android.gms:play-services-basement:18.1.0] AndroidManifest.xml:22:13-58
274            android:value="@integer/google_play_services_version" />